Nerve_Tibial 0.854
Cells_Cultured_fibroblasts 0.851
Artery_Tibial 0.846
Skin_Sun_Exposed_Lower_leg 0.843
Thyroid 0.841
Adipose_Subcutaneous 0.836
Muscle_Skeletal 0.834
Whole_Blood 0.826
Esophagus_Muscularis 0.826
Skin_Not_Sun_Exposed_Suprapubic 0.825
Esophagus_Mucosa 0.822
Lung 0.814
Testis 0.808
Artery_Aorta 0.802
Adipose_Visceral_Omentum 0.802
Colon_Transverse 0.795
Pancreas 0.792
Heart_Atrial_Appendage 0.790
Breast_Mammary_Tissue 0.787
Esophagus_Gastroesophageal_Junction 0.785
Heart_Left_Ventricle 0.784
Colon_Sigmoid 0.781
Stomach 0.779
Spleen 0.777
Brain_Cerebellum 0.768
Pituitary 0.767
Adrenal_Gland 0.762
Prostate 0.758
Brain_Cerebellar_Hemisphere 0.751
Brain_Cortex 0.748
Brain_Nucleus_accumbens_basal_ganglia 0.747
Brain_Caudate_basal_ganglia 0.745
Brain_Frontal_Cortex_BA9 0.742
Cells_EBV-transformed_lymphocytes 0.742
Small_Intestine_Terminal_Ileum 0.733
Artery_Coronary 0.733
Brain_Putamen_basal_ganglia 0.732
Liver 0.724
Ovary 0.724
Brain_Hypothalamus 0.722
Uterus 0.719
Brain_Hippocampus 0.719
Vagina 0.713
Brain_Anterior_cingulate_cortex_BA24 0.712
Minor_Salivary_Gland 0.709
Brain_Amygdala 0.699
Brain_Substantia_nigra 0.696
Kidney_Cortex 0.695
Brain_Spinal_cord_cervical_c-1 0.690
